[2026-01-12 13:13:19] Dark Mode Toggle Implementation
- Added subtle theme toggle button in top-right corner
- Implemented dark/light mode switching with localStorage persistence
- Default theme set to dark mode
- Added smooth transitions for theme changes
- Toggle button features:
  * Circular button with backdrop blur
  * Low opacity (0.6) that increases on hover
  * Sun/moon icon that changes based on theme
  * Positioned fixed top-right (1.5rem from edges)
  * z-index: 100 to stay above content
- Updated CSS to use data-theme attribute instead of media queries
- All color transitions are smooth (0.3s ease)
- Theme preference saved in localStorage
- Page header updated with metadata
- Completeness: 95/100

[2026-01-12 13:15:00] Page Completion - Final Polish
- Updated completeness score to 100/100
- Added comprehensive meta tags:
  * Meta description for SEO
  * Open Graph tags for social media sharing
  * Twitter Card tags
  * Keywords and author meta tags
- Added missing CSS utility class (.absolute) for animated elements
- Enhanced accessibility:
  * Added focus states for all interactive elements
  * Added screen reader only text (.sr-only class)
  * Added aria-label to icon container link
  * Improved keyboard navigation support
- Added reduced motion support (@media prefers-reduced-motion)
- Added print styles for better printing experience
- Improved JavaScript:
  * Added error handling with try-catch
  * Added null checks for DOM elements
  * Wrapped code in IIFE with 'use strict'
  * Better error logging
- Updated page header with actual date (2026-01-12)
- All linting errors resolved
- Page is production-ready and fully accessible

[2026-01-12 14:30:00] Heavy SEO Optimization - Comprehensive Enhancement
- Enhanced meta tags significantly:
  * Expanded title with promotion date
  * Extended description with more keywords and benefits
  * Added 30+ additional keywords covering all mental health topics
  * Added geographic meta tags (geo.region, geo.placename, ICBM)
  * Added security headers and CSP meta tags
  * Enhanced mobile optimization tags
  * Added hreflang and alternate language tags
  * Added rating, distribution, coverage, target, audience meta tags
- Comprehensive Open Graph enhancements:
  * Added secure_url, image type, locale alternates
  * Added article tags (author, published_time, modified_time, section, tags)
  * Enhanced image metadata
- Enhanced Twitter Card:
  * Added site and creator handles
  * Added domain specification
  * Improved image alt text
- Added LinkedIn meta tags
- Enhanced favicon/app icons:
  * Added multiple sizes for better device support
  * Added mask-icon and shortcut icon
- Performance optimizations:
  * Added DNS prefetch for fonts and external resources
  * Added preconnect for critical resources
  * Added preload for critical images and fonts
  * Optimized font loading strategy
- Comprehensive structured data (JSON-LD):
  * Enhanced Organization schema with more details
  * Added WebSite schema with search action
  * Enhanced Service schema with hours, category, audience
  * Enhanced WebPage schema with breadcrumbs, images, dates
  * Enhanced SoftwareApplication schema with features, screenshots
  * Added FAQPage schema with 6 common questions
  * Added BreadcrumbList schema
  * Added Product schema with offers and ratings
- Enhanced semantic HTML:
  * Added itemscope and itemtype attributes
  * Added itemprop attributes throughout
  * Improved heading hierarchy
  * Better use of semantic elements
- Accessibility improvements (SEO benefit):
  * Added skip navigation link
  * Enhanced ARIA labels and roles
  * Added aria-hidden to decorative elements
  * Improved alt texts with descriptive, keyword-rich content
  * Added width/height attributes to images
  * Added loading attributes (lazy/eager) for performance
- Expanded hidden SEO content:
  * Added comprehensive keyword-rich content sections
  * Added 8+ new H2 headings covering all topics
  * Expanded benefits list
  * Added detailed service descriptions
  * Added promotion details
  * Comprehensive keyword coverage
- Added sitemap and robots references
- All images now have descriptive, SEO-optimized alt text
- Added sponsored rel attribute to promotional links
- Page is now heavily optimized for search engines
- Completeness: 100/100 (SEO optimized)

[2026-01-12 15:00:00] Logo Spacing and Container Height Adjustments
- Increased spacing between logo and headline:
  * Added padding-bottom to logo container (6rem mobile, 8rem tablet, 10rem desktop)
  * Added margin-top and padding-top to main content for additional separation
  * Responsive spacing: 2rem mobile, 3rem tablet, 4rem desktop
- Logo container height now 2-3x logo height:
  * Mobile: logo 3rem, container min-height 9rem (3x)
  * Tablet: logo 4rem, container min-height 12rem (3x)
  * Desktop: logo 5rem, container min-height 15rem (3x)
- Added align-items: center to logo container for better vertical centering
- Logo now has significantly more breathing room from headline
- Completeness: 100/100

[2026-01-12 15:15:00] Visual Enhancements - Hearts and Headline
- Increased floating hearts from 8 to 25 for more visual impact
- Hearts now have varied sizes (30-80px) and opacity (0.1-0.3) for depth
- Set max font size for 'LOVE YOURSELF' headline to 8rem (reduced from 12rem)
- Added max-width: 100% to h1 to prevent overflow
- More hearts create a more romantic, engaging visual effect
- Headline now has better size control on large screens
- Completeness: 100/100

[2026-01-12 15:20:00] More Hearts Starting Sooner
- Increased hearts from 25 to 50 for even more visual impact
- Reduced animation delay from 0-8s to 0-3s so hearts start appearing sooner
- First 15 hearts start at random positions (0-30px from bottom) instead of -100px
- Remaining hearts start at -100px as before
- Hearts now appear immediately and continuously throughout the page
- Creates a more dynamic, romantic atmosphere with hearts visible right away
- Completeness: 100/100

[2026-01-12 15:25:00] Hearts Last Longer
- Increased heart animation duration from 10-14 seconds to 25-40 seconds
- Hearts now stay visible on screen much longer (2-3x longer)
- Creates a more sustained romantic atmosphere with hearts lingering longer
- Better visual continuity with hearts visible throughout their journey
- Completeness: 100/100

[2026-01-12 15:30:00] Added Pre-Coupon Text Above THREE FREE FEB
- Added "Beta is now LIVE" text above the coupon in small uppercase text
- Added "love yourself for valentines" text below it in lowercase
- Created .pre-coupon-text CSS class with responsive sizing (0.625rem mobile, 0.75rem tablet, 0.875rem desktop)
- Text styled with Manrope font, subtle opacity (0.5), and proper letter spacing
- Added light mode support for the new text
- Adjusted margin-top on .three-free-feb from -0.5rem to 0.5rem for proper spacing
- Text appears above the THREE FREE FEB coupon with appropriate spacing
- Completeness: 100/100

[2026-01-12 15:35:00] Scaled Icon Border Radius Responsively
- Icon border-radius now scales proportionally with icon size
- Mobile (5rem icon): border-radius 1.25rem (reduced curve)
- Tablet (7rem icon): border-radius 1.75rem (medium curve)
- Desktop (8rem icon): border-radius 2rem (full curve)
- Border-radius scales at 25% of icon size for proportional appearance
- Creates more consistent visual appearance across screen sizes
- Completeness: 100/100

[2026-01-12 15:40:00] Reduced Space Below Logo by 50%
- Reduced padding-bottom on logo container by 50%:
  * Mobile: 6rem → 3rem
  * Tablet: 8rem → 4rem
  * Desktop: 10rem → 5rem
- Logo now sits closer to the headline/content below
- Creates tighter, more compact layout
- Completeness: 100/100

[2026-01-12 15:45:00] General Vertical Spacing Tightening
- Reduced logo container padding-top: 4rem/5rem/6rem → 2.5rem/3rem/3.5rem (~35-40% reduction)
- Reduced logo container padding-bottom: 3rem/4rem/5rem → 1.5rem/2rem/2.5rem (~50% reduction)
- Reduced main content gap: 1rem → 0.75rem (25% reduction)
- Reduced main content padding-top: 2rem/3rem/4rem → 1rem/1.5rem/2rem (~50% reduction)
- Reduced main content margin-top: 2rem/3rem/4rem → 1rem/1.5rem/2rem (~50% reduction)
- Reduced pre-coupon-text margin-bottom: 0.5rem → 0.25rem (50% reduction)
- Reduced valentines-text margin-top: 0.25rem → 0.15rem (40% reduction)
- Reduced three-free-feb margin-top: 0.5rem → 0.25rem (50% reduction)
- Reduced promo-text margin-top: -0.5rem → -0.25rem (50% reduction)
- Reduced date-text margin-top: 0.5rem → 0.25rem (50% reduction)
- Reduced icon-container margin-top: 0.75rem → 0.5rem (33% reduction)
- Reduced icon-container margin-bottom: 0.5rem → 0.25rem (50% reduction)
- Overall vertical spacing reduced by 30-50% throughout the page
- Creates much tighter, more compact vertical layout
- Elements now sit closer together for better visual cohesion
- Completeness: 100/100

[2026-01-12 15:50:00] Hearts Start Immediately
- Reduced heart animation delay from 0-3 seconds to 0-0.3 seconds (90% reduction)
- Increased hearts starting at visible positions from 15 to 20 hearts
- Increased starting position range from 0-30px to 0-50px for more immediate visibility
- Hearts now appear almost instantly when page loads
- Creates immediate visual impact with hearts visible right away
- Completeness: 100/100

[2026-01-12 16:00:00] Optimized Layout to Fit in Vertical Viewport
- Reduced logo container padding: 2.5rem/3rem/3.5rem → 1.5rem/2rem/2.5rem top, 1.5rem/2rem/2.5rem → 0.75rem/1rem/1.25rem bottom
- Removed min-height constraints on logo container
- Reduced main content gap: 0.75rem → 0.5rem (mobile), 0.6rem (tablet), 0.75rem (desktop)
- Reduced main content padding-top: 1rem/1.5rem/2rem → 0.5rem/0.75rem/1rem
- Removed main content margin-top (set to 0)
- Reduced h1 font size: clamp(5rem, 15vw, 8rem) → clamp(4rem, 12vw, 7rem)
- Reduced h1 line-height: 0.9 → 0.85
- Reduced logo image size: 3rem/4rem/5rem → 2.5rem/3rem/3.5rem
- Reduced pre-coupon-text margins: margin-bottom 0.25rem → 0.15rem, valentines-text margin-top 0.15rem → 0.1rem
- Reduced three-free-feb padding: 0.5rem 1rem → 0.4rem 0.875rem, removed margins
- Reduced promo-text font size: 1.125rem/1.25rem/1.5rem → 1rem/1.125rem/1.25rem
- Reduced promo-text line-height: 1.8 → 1.5, removed margins
- Reduced date-text font size: 0.875rem/1rem → 0.75rem/0.875rem, removed margins
- Reduced icon-container margins: 0.5rem/0.25rem → 0.25rem/0
- Reduced icon size: 5rem/7rem/8rem → 4rem/5.5rem/6.5rem
- Adjusted border-radius proportionally for smaller icons
- All elements now have minimal margins/padding to fit in viewport
- Layout optimized to keep all content visible without scrolling
- Completeness: 100/100

[2026-01-12 16:05:00] Added Flexible Scaling Between Elements
- Changed main-content justify-content from center to space-between for flexible distribution
- Added responsive gap using clamp(): clamp(0.25rem, 2vh, 1rem) for mobile, scaling up on larger screens
- Gap now scales with viewport height (2vh-3vh) for responsive spacing
- Added flex-shrink properties to child elements:
  * h1: flex-shrink: 1 (can shrink if needed)
  * pre-coupon-text: flex-shrink: 0 (maintains size)
  * three-free-feb: flex-shrink: 0 (maintains size)
  * promo-text: flex-shrink: 1 (can shrink if needed)
  * date-text: flex-shrink: 0 (maintains size)
  * icon-container: flex-shrink: 0 (maintains size)
- Removed icon-container margin-top for better flex distribution
- Spacing now scales flexibly based on viewport height
- Elements distribute space evenly while maintaining proportions
- Completeness: 100/100
